<?xml version="1.0" encoding="UTF-8"?>
<!-- Generated by org.testng.reporters.JUnitReportReporter -->
<testsuite hostname="LAPTOP-L81UKAGB" failures="0" tests="2" name="maven.Testclass" time="5.940" errors="0" timestamp="23 Sep 2023 13:33:36 GMT" skipped="0">
  <testcase classname="maven.Testclass" name="testlogin" time="0.884"/>
  <testcase classname="maven.Testclass" name="testlabel" time="5.056"/>
</testsuite> <!-- maven.Testclass -->
