<?xml version="1.0" encoding="UTF-8"?>
<!-- Generated by org.testng.reporters.JUnitReportReporter -->
<testsuite hostname="LAPTOP-L81UKAGB" failures="0" tests="2" name="maven.Testclass" time="6.090" errors="0" timestamp="19 Sep 2023 19:29:27 GMT" skipped="0">
  <testcase classname="maven.Testclass" name="testlogin" time="1.033"/>
  <testcase classname="maven.Testclass" name="testlabel" time="5.057"/>
</testsuite> <!-- maven.Testclass -->
