<?xml version="1.0" encoding="UTF-8"?>
<!-- Generated by org.testng.reporters.JUnitReportReporter -->
<testsuite hostname="LAPTOP-L81UKAGB" failures="0" tests="2" name="maven.Testclass" time="6.195" errors="0" timestamp="19 Sep 2023 19:39:40 GMT" skipped="0">
  <testcase classname="maven.Testclass" name="testlogin" time="1.170"/>
  <testcase classname="maven.Testclass" name="testlabel" time="5.025"/>
</testsuite> <!-- maven.Testclass -->
