<?xml version="1.0" encoding="UTF-8"?>
<!-- Generated by org.testng.reporters.JUnitReportReporter -->
<testsuite hostname="LAPTOP-L81UKAGB" failures="0" tests="2" name="maven.Testclass" time="5.941" errors="0" timestamp="24 Sep 2023 17:44:46 GMT" skipped="0">
  <testcase classname="maven.Testclass" name="testlogin" time="0.898"/>
  <testcase classname="maven.Testclass" name="testlabel" time="5.043"/>
</testsuite> <!-- maven.Testclass -->
